# JRE version: OpenJDK Runtime Environment Temurin-21.0.9+10 (21.0.9+10) (build 21.0.9+10-LTS)
# Java VM: OpenJDK 64-Bit Server VM Temurin-21.0.9+10 (21.0.9+10-LTS, mixed mode, emulated-client, sharing, tiered, compressed oops, compressed class ptrs, g1 gc, windows-amd64)
GC Precious Log:
 CardTable entry size: 512
 Card Set container configuration: InlinePtr #cards 4 size 8 Array Of Cards #cards 16 size 48 Howl #buckets 8 coarsen threshold 3686 Howl Bitmap #cards 512 size 80 coarsen threshold 460 Card regions per heap region 1 cards per card region 4096
 CPUs: 12 total, 12 available
 Memory: 16068M
 Large Page Support: Disabled
 NUMA Support: Disabled
 Compressed Oops: Enabled (Zero based)
 Heap Region Size: 2M
 Heap Min Capacity: 8M
 Heap Initial Capacity: 252M
 Heap Max Capacity: 4018M
 Pre-touch: Disabled
 Parallel Workers: 10
 Concurrent Workers: 3
 Concurrent Refinement Workers: 10
 Periodic GC: Disabled
Heap:
 garbage-first heap   total 69632K, used 38959K [0x0000000704e00000, 0x0000000800000000)
  region size 2048K, 12 young (24576K), 0 survivors (0K)
 Metaspace       used 42861K, committed 43904K, reserved 1114112K
  class space    used 5658K, committed 6080K, reserved 1048576K
GC Heap History (20 events):
Event: 1.307 GC heap before
{Heap before GC invocations=5 (full 0):
 garbage-first heap   total 47104K, used 28462K [0x0000000704e00000, 0x0000000800000000)
  region size 2048K, 13 young (26624K), 3 survivors (6144K)
 Metaspace       used 23044K, committed 23488K, reserved 1114112K
  class space    used 3035K, committed 3200K, reserved 1048576K
}
Event: 1.311 GC heap after
{Heap after GC invocations=6 (full 0):
 garbage-first heap   total 47104K, used 10955K [0x0000000704e00000, 0x0000000800000000)
  region size 2048K, 1 young (2048K), 1 survivors (2048K)
 Metaspace       used 23044K, committed 23488K, reserved 1114112K
  class space    used 3035K, committed 3200K, reserved 1048576K
}
Event: 1.464 GC heap before
{Heap before GC invocations=6 (full 0):
 garbage-first heap   total 47104K, used 35531K [0x0000000704e00000, 0x0000000800000000)
  region size 2048K, 13 young (26624K), 1 survivors (2048K)
 Metaspace       used 24230K, committed 24704K, reserved 1114112K
  class space    used 3209K, committed 3392K, reserved 1048576K
}
Event: 1.467 GC heap after
{Heap after GC invocations=7 (full 0):
 garbage-first heap   total 153600K, used 11651K [0x0000000704e00000, 0x0000000800000000)
  region size 2048K, 2 young (4096K), 2 survivors (4096K)
 Metaspace       used 24230K, committed 24704K, reserved 1114112K
  class space    used 3209K, committed 3392K, reserved 1048576K
}
Event: 2.076 GC heap before
{Heap before GC invocations=7 (full 0):
 garbage-first heap   total 153600K, used 97667K [0x0000000704e00000, 0x0000000800000000)
  region size 2048K, 45 young (92160K), 2 survivors (4096K)
 Metaspace       used 31797K, committed 32384K, reserved 1114112K
  class space    used 4283K, committed 4544K, reserved 1048576K
}
Event: 2.082 GC heap after
{Heap after GC invocations=8 (full 0):
 garbage-first heap   total 153600K, used 16402K [0x0000000704e00000, 0x0000000800000000)
  region size 2048K, 4 young (8192K), 4 survivors (8192K)
 Metaspace       used 31797K, committed 32384K, reserved 1114112K
  class space    used 4283K, committed 4544K, reserved 1048576K
}
Event: 2.119 GC heap before
{Heap before GC invocations=8 (full 0):
 garbage-first heap   total 153600K, used 20498K [0x0000000704e00000, 0x0000000800000000)
  region size 2048K, 7 young (14336K), 4 survivors (8192K)
 Metaspace       used 32123K, committed 32640K, reserved 1114112K
  class space    used 4330K, committed 4544K, reserved 1048576K
}
Event: 2.123 GC heap after
{Heap after GC invocations=9 (full 0):
 garbage-first heap   total 153600K, used 16565K [0x0000000704e00000, 0x0000000800000000)
  region size 2048K, 3 young (6144K), 3 survivors (6144K)
 Metaspace       used 32123K, committed 32640K, reserved 1114112K
  class space    used 4330K, committed 4544K, reserved 1048576K
}
Event: 11.733 GC heap before
{Heap before GC invocations=10 (full 0):
 garbage-first heap   total 61440K, used 57525K [0x0000000704e00000, 0x0000000800000000)
  region size 2048K, 24 young (49152K), 3 survivors (6144K)
 Metaspace       used 35969K, committed 36608K, reserved 1114112K
  class space    used 4797K, committed 5056K, reserved 1048576K
}
Event: 11.738 GC heap after
{Heap after GC invocations=11 (full 0):
 garbage-first heap   total 69632K, used 18187K [0x0000000704e00000, 0x0000000800000000)
  region size 2048K, 4 young (8192K), 4 survivors (8192K)
 Metaspace       used 35969K, committed 36608K, reserved 1114112K
  class space    used 4797K, committed 5056K, reserved 1048576K
}
Event: 11.971 GC heap before
{Heap before GC invocations=11 (full 0):
 garbage-first heap   total 69632K, used 50955K [0x0000000704e00000, 0x0000000800000000)
  region size 2048K, 20 young (40960K), 4 survivors (8192K)
 Metaspace       used 41504K, committed 42112K, reserved 1114112K
  class space    used 5498K, committed 5760K, reserved 1048576K
}
Event: 11.976 GC heap after
{Heap after GC invocations=12 (full 0):
 garbage-first heap   total 69632K, used 20307K [0x0000000704e00000, 0x0000000800000000)
  region size 2048K, 3 young (6144K), 3 survivors (6144K)
 Metaspace       used 41504K, committed 42112K, reserved 1114112K
  class space    used 5498K, committed 5760K, reserved 1048576K
}
Event: 2113.322 GC heap before
{Heap before GC invocations=12 (full 0):
 garbage-first heap   total 69632K, used 55123K [0x0000000704e00000, 0x0000000800000000)
  region size 2048K, 20 young (40960K), 3 survivors (6144K)
 Metaspace       used 42230K, committed 42880K, reserved 1114112K
  class space    used 5591K, committed 5888K, reserved 1048576K
}
Event: 2113.342 GC heap after
{Heap after GC invocations=13 (full 0):
 garbage-first heap   total 83968K, used 20567K [0x0000000704e00000, 0x0000000800000000)
  region size 2048K, 2 young (4096K), 2 survivors (4096K)
 Metaspace       used 42230K, committed 42880K, reserved 1114112K
  class space    used 5591K, committed 5888K, reserved 1048576K
}
Event: 4874.980 GC heap before
{Heap before GC invocations=13 (full 0):
 garbage-first heap   total 83968K, used 65623K [0x0000000704e00000, 0x0000000800000000)
  region size 2048K, 24 young (49152K), 2 survivors (4096K)
 Metaspace       used 43032K, committed 43712K, reserved 1114112K
  class space    used 5701K, committed 6016K, reserved 1048576K
}
Event: 4874.998 GC heap after
{Heap after GC invocations=14 (full 0):
 garbage-first heap   total 83968K, used 21168K [0x0000000704e00000, 0x0000000800000000)
  region size 2048K, 2 young (4096K), 2 survivors (4096K)
 Metaspace       used 43032K, committed 43712K, reserved 1114112K
  class space    used 5701K, committed 6016K, reserved 1048576K
}
Event: 8373.693 GC heap before
{Heap before GC invocations=14 (full 0):
 garbage-first heap   total 83968K, used 66224K [0x0000000704e00000, 0x0000000800000000)
  region size 2048K, 24 young (49152K), 2 survivors (4096K)
 Metaspace       used 43034K, committed 43712K, reserved 1114112K
  class space    used 5702K, committed 6016K, reserved 1048576K
}
Event: 8373.708 GC heap after
{Heap after GC invocations=15 (full 0):
 garbage-first heap   total 83968K, used 21072K [0x0000000704e00000, 0x0000000800000000)
  region size 2048K, 1 young (2048K), 1 survivors (2048K)
 Metaspace       used 43034K, committed 43712K, reserved 1114112K
  class space    used 5702K, committed 6016K, reserved 1048576K
}
Event: 9009.520 GC heap before
{Heap before GC invocations=15 (full 0):
 garbage-first heap   total 83968K, used 31312K [0x0000000704e00000, 0x0000000800000000)
  region size 2048K, 7 young (14336K), 1 survivors (2048K)
 Metaspace       used 43130K, committed 43904K, reserved 1114112K
  class space    used 5727K, committed 6080K, reserved 1048576K
}
Event: 9009.547 GC heap after
{Heap after GC invocations=16 (full 1):
 garbage-first heap   total 69632K, used 16431K [0x0000000704e00000, 0x0000000800000000)
  region size 2048K, 0 young (0K), 0 survivors (0K)
 Metaspace       used 42765K, committed 43904K, reserved 1114112K
  class space    used 5633K, committed 6080K, reserved 1048576K
}

